{
  "RSpec": {
    "coverage": {
      "/Users/alpha/Documents/Development/codefellows/ticketee/app/models/user.rb": [
        1,
        null,
        null,
        1,
        null,
        null,
        null,
        1,
        1,
        null,
        null,
        1,
        null,
        1,
        0,
        null,
        null
      ],
      "/Users/alpha/Documents/Development/codefellows/ticketee/app/controllers/application_controller.rb": [
        1,
        1,
        null,
        1,
        null,
        1,
        0,
        0,
        0,
        0,
        null,
        null,
        null
      ],
      "/Users/alpha/Documents/Development/codefellows/ticketee/app/helpers/application_helper.rb": [
        1,
        null,
        1,
        4,
        4,
        4,
        null,
        null,
        null,
        null,
        1,
        31,
        null,
        null,
        1,
        6,
        null,
        null,
        null
      ],
      "/Users/alpha/Documents/Development/codefellows/ticketee/app/helpers/admin/permissions_helper.rb": [
        1,
        null,
        1,
        null,
        null,
        null,
        null,
        null,
        0,
        null,
        null,
        null
      ],
      "/Users/alpha/Documents/Development/codefellows/ticketee/app/helpers/admin/users_helper.rb": [
        1,
        null
      ],
      "/Users/alpha/Documents/Development/codefellows/ticketee/app/helpers/projects_helper.rb": [
        1,
        null
      ],
      "/Users/alpha/Documents/Development/codefellows/ticketee/app/helpers/tickets_helper.rb": [
        1,
        null
      ],
      "/Users/alpha/Documents/Development/codefellows/ticketee/app/helpers/users_helper.rb": [
        1,
        null
      ],
      "/Users/alpha/Documents/Development/codefellows/ticketee/app/controllers/admin/base_controller.rb": [
        1,
        1,
        null,
        1,
        null,
        null
      ],
      "/Users/alpha/Documents/Development/codefellows/ticketee/app/controllers/admin/permissions_controller.rb": [
        1,
        1,
        null,
        1,
        0,
        0,
        null,
        null,
        1,
        0,
        null,
        0,
        0,
        0,
        null,
        0,
        0,
        0,
        null,
        null,
        1,
        null,
        1,
        0,
        null,
        null,
        null
      ],
      "/Users/alpha/Documents/Development/codefellows/ticketee/app/models/permission.rb": [
        1,
        1,
        1,
        1,
        null,
        null
      ],
      "/Users/alpha/Documents/Development/codefellows/ticketee/app/controllers/admin/users_controller.rb": [
        1,
        null,
        1,
        null,
        1,
        0,
        null,
        null,
        1,
        0,
        null,
        null,
        1,
        null,
        null,
        1,
        0,
        0,
        0,
        0,
        null,
        0,
        0,
        null,
        null,
        null,
        1,
        null,
        null,
        1,
        0,
        null,
        0,
        0,
        0,
        null,
        null,
        0,
        0,
        0,
        null,
        0,
        0,
        null,
        null,
        null,
        1,
        0,
        0,
        null,
        0,
        0,
        null,
        null,
        0,
        null,
        null,
        1,
        1,
        0,
        null,
        null
      ],
      "/Users/alpha/Documents/Development/codefellows/ticketee/app/controllers/projects_controller.rb": [
        1,
        null,
        1,
        1,
        1,
        null,
        1,
        8,
        null,
        null,
        null,
        1,
        0,
        null,
        null,
        1,
        0,
        null,
        0,
        0,
        0,
        null,
        0,
        0,
        null,
        null,
        null,
        1,
        4,
        null,
        null,
        1,
        0,
        null,
        null,
        1,
        0,
        0,
        0,
        0,
        null,
        0,
        0,
        null,
        null,
        null,
        1,
        0,
        0,
        0,
        0,
        null,
        null,
        1,
        null,
        1,
        4,
        null,
        null,
        0,
        null,
        0,
        null,
        null
      ],
      "/Users/alpha/Documents/Development/codefellows/ticketee/app/models/project.rb": [
        1,
        1,
        1,
        null,
        1,
        null,
        1,
        null,
        1,
        null,
        null,
        1,
        21,
        null,
        null,
        null,
        1,
        21,
        null,
        null
      ],
      "/Users/alpha/Documents/Development/codefellows/ticketee/app/controllers/registrations_controller.rb": [
        1,
        null,
        1,
        null,
        1,
        0,
        null,
        null,
        null
      ],
      "/Users/alpha/Documents/Development/codefellows/ticketee/app/controllers/tickets_controller.rb": [
        null,
        1,
        null,
        1,
        1,
        1,
        null,
        1,
        null,
        null,
        1,
        1,
        null,
        1,
        4,
        null,
        null,
        1,
        4,
        3,
        3,
        1,
        1,
        null,
        2,
        2,
        null,
        null,
        null,
        1,
        null,
        null,
        1,
        null,
        null,
        1,
        0,
        0,
        0,
        null,
        0,
        0,
        null,
        null,
        null,
        1,
        null,
        0,
        0,
        0,
        null,
        null,
        null,
        1,
        1,
        null,
        null,
        1,
        1,
        null,
        9,
        null,
        0,
        0,
        null,
        null,
        1,
        8,
        0,
        0,
        null,
        null,
        null,
        1,
        0,
        0,
        0,
        null,
        null,
        null,
        1,
        0,
        0,
        0,
        null,
        null,
        null
      ],
      "/Users/alpha/Documents/Development/codefellows/ticketee/app/models/ticket.rb": [
        1,
        1,
        1,
        1,
        null,
        1,
        null,
        1,
        1,
        null,
        null
      ],
      "/Users/alpha/Documents/Development/codefellows/ticketee/app/controllers/users_controller.rb": [
        1,
        1,
        null,
        null
      ],
      "/Users/alpha/Documents/Development/codefellows/ticketee/app/models/ability.rb": [
        1,
        1,
        null,
        null,
        null,
        null,
        null,
        1,
        13,
        26,
        null,
        null,
        null,
        12,
        null,
        null,
        null,
        null,
        null
      ]
    },
    "timestamp": 1363725466
  }
}
